Using pre-set license
Built from '2022.1/staging' branch; Version is '2022.1.1f1 (53d13f540f71) revision 5493055'; Using compiler version '192829333'; Build Type 'Release'
OS: 'Windows 10  (10.0.19044) 64bit Enterprise' Language: 'it' Physical Memory: 32542 MB
BatchMode: 1, IsHumanControllingUs: 0, StartBugReporterOnCrash: 0, Is64bit: 1, IsPro: 1

COMMAND LINE ARGUMENTS:
C:\Program Files\Unity 2022.1.1f1\Editor\Unity.exe
-adb2
-batchMode
-noUpm
-name
AssetImportWorker0
-projectPath
D:/3/Professionale/Progettti/M306/BiomesRun/5_Sito o applicativo/BiomesRun
-logFile
Logs/AssetImportWorker0.log
-srvPort
52244
Successfully changed project path to: D:/3/Professionale/Progettti/M306/BiomesRun/5_Sito o applicativo/BiomesRun
D:/3/Professionale/Progettti/M306/BiomesRun/5_Sito o applicativo/BiomesRun
[UnityMemory] Configuration Parameters - Can be set up in boot.config
    "memorysetup-bucket-allocator-granularity=16"
    "memorysetup-bucket-allocator-bucket-count=8"
    "memorysetup-bucket-allocator-block-size=33554432"
    "memorysetup-bucket-allocator-block-count=8"
    "memorysetup-main-allocator-block-size=16777216"
    "memorysetup-thread-allocator-block-size=16777216"
    "memorysetup-gfx-main-allocator-block-size=16777216"
    "memorysetup-gfx-thread-allocator-block-size=16777216"
    "memorysetup-cache-allocator-block-size=4194304"
    "memorysetup-typetree-allocator-block-size=2097152"
    "memorysetup-profiler-bucket-allocator-granularity=16"
    "memorysetup-profiler-bucket-allocator-bucket-count=8"
    "memorysetup-profiler-bucket-allocator-block-size=33554432"
    "memorysetup-profiler-bucket-allocator-block-count=8"
    "memorysetup-profiler-allocator-block-size=16777216"
    "memorysetup-profiler-editor-allocator-block-size=1048576"
    "memorysetup-temp-allocator-size-main=16777216"
    "memorysetup-job-temp-allocator-block-size=2097152"
    "memorysetup-job-temp-allocator-block-size-background=1048576"
    "memorysetup-job-temp-allocator-reduction-small-platforms=262144"
    "memorysetup-temp-allocator-size-background-worker=32768"
    "memorysetup-temp-allocator-size-job-worker=262144"
    "memorysetup-temp-allocator-size-preload-manager=33554432"
    "memorysetup-temp-allocator-size-nav-mesh-worker=65536"
    "memorysetup-temp-allocator-size-audio-worker=65536"
    "memorysetup-temp-allocator-size-cloud-worker=32768"
    "memorysetup-temp-allocator-size-gi-baking-worker=262144"
    "memorysetup-temp-allocator-size-gfx=262144"
Refreshing native plugins compatible for Editor in 90.93 ms, found 3 plugins.
Preloading 0 native plugins for Editor in 0.00 ms.
Initialize engine version: 2022.1.1f1 (53d13f540f71)
[Subsystems] Discovering subsystems at path C:/Program Files/Unity 2022.1.1f1/Editor/Data/Resources/UnitySubsystems
[Subsystems] Discovering subsystems at path D:/3/Professionale/Progettti/M306/BiomesRun/5_Sito o applicativo/BiomesRun/Assets
GfxDevice: creating device client; threaded=0; jobified=0
Direct3D:
    Version:  Direct3D 11.0 [level 11.1]
    Renderer: NVIDIA GeForce RTX 2060 (ID=0x1f08)
    Vendor:   NVIDIA
    VRAM:     5980 MB
    Driver:   30.0.15.1296
Initialize mono
Mono path[0] = 'C:/Program Files/Unity 2022.1.1f1/Editor/Data/Managed'
Mono path[1] = 'C:/Program Files/Unity 2022.1.1f1/Editor/Data/MonoBleedingEdge/lib/mono/unityjit-win32'
Mono config path = 'C:/Program Files/Unity 2022.1.1f1/Editor/Data/MonoBleedingEdge/etc'
Using monoOptions --debugger-agent=transport=dt_socket,embedding=1,server=y,suspend=n,address=127.0.0.1:56192
Begin MonoManager ReloadAssembly
Registering precompiled unity dll's ...
Register platform support module: C:/Program Files/Unity 2022.1.1f1/Editor/Data/PlaybackEngines/WindowsStandaloneSupport/UnityEditor.WindowsStandalone.Extensions.dll
Registered in 0.003984 seconds.
Native extension for WindowsStandalone target not found
Refreshing native plugins compatible for Editor in 93.90 ms, found 3 plugins.
Preloading 0 native plugins for Editor in 0.00 ms.
Mono: successfully reloaded assembly
- Completed reload, in  0.609 seconds
Domain Reload Profiling:
	ReloadAssembly (610ms)
		BeginReloadAssembly (64ms)
			ExecutionOrderSort (0ms)
			DisableScriptedObjects (0ms)
			BackupInstance (0ms)
			ReleaseScriptingObjects (0ms)
			CreateAndSetChildDomain (1ms)
		EndReloadAssembly (446ms)
			LoadAssemblies (62ms)
			RebuildTransferFunctionScriptingTraits (0ms)
			SetupTypeCache (108ms)
				TypeCache.Initialize (108ms)
					TypeCache.ScanAssembly (107ms)
				ResolveRequiredComponents (0ms)
			ReleaseScriptCaches (0ms)
			RebuildScriptCaches (25ms)
			SetupLoadedEditorAssemblies (264ms)
				LogAssemblyErrors (0ms)
				InitializePlatformSupportModulesInManaged (6ms)
				SetLoadedEditorAssemblies (6ms)
				RefreshPlugins (94ms)
				BeforeProcessingInitializeOnLoad (1ms)
				ProcessInitializeOnLoadAttributes (118ms)
				ProcessInitializeOnLoadMethodAttributes (39ms)
				AfterProcessingInitializeOnLoad (0ms)
				EditorAssembliesLoaded (0ms)
			ExecutionOrderSort2 (0ms)
			AwakeInstancesAfterBackupRestoration (0ms)
Platform modules already initialized, skipping
Registering precompiled user dll's ...
Registered in 0.004801 seconds.
Begin MonoManager ReloadAssembly
Symbol file LoadedFromMemory doesn't match image D:\3\Professionale\Progettti\M306\BiomesRun\5_Sito o applicativo\BiomesRun\Library\PackageCache\com.unity.visualscripting@1.7.6\Editor\VisualScripting.Core\Dependencies\YamlDotNet\Unity.VisualScripting.YamlDotNet.dll
Symbol file LoadedFromMemory doesn't match image D:\3\Professionale\Progettti\M306\BiomesRun\5_Sito o applicativo\BiomesRun\Library\PackageCache\com.unity.visualscripting@1.7.6\Editor\VisualScripting.Core\Dependencies\DotNetZip\Unity.VisualScripting.IonicZip.dll
Native extension for WindowsStandalone target not found
Refreshing native plugins compatible for Editor in 94.11 ms, found 3 plugins.
Preloading 0 native plugins for Editor in 0.00 ms.
Mono: successfully reloaded assembly
- Completed reload, in  1.138 seconds
Domain Reload Profiling:
	ReloadAssembly (1139ms)
		BeginReloadAssembly (105ms)
			ExecutionOrderSort (0ms)
			DisableScriptedObjects (5ms)
			BackupInstance (0ms)
			ReleaseScriptingObjects (0ms)
			CreateAndSetChildDomain (18ms)
		EndReloadAssembly (924ms)
			LoadAssemblies (73ms)
			RebuildTransferFunctionScriptingTraits (0ms)
			SetupTypeCache (246ms)
				TypeCache.Initialize (236ms)
					TypeCache.ScanAssembly (233ms)
				ResolveRequiredComponents (10ms)
			ReleaseScriptCaches (1ms)
			RebuildScriptCaches (52ms)
			SetupLoadedEditorAssemblies (511ms)
				LogAssemblyErrors (0ms)
				InitializePlatformSupportModulesInManaged (3ms)
				SetLoadedEditorAssemblies (5ms)
				RefreshPlugins (94ms)
				BeforeProcessingInitializeOnLoad (96ms)
				ProcessInitializeOnLoadAttributes (230ms)
				ProcessInitializeOnLoadMethodAttributes (77ms)
				AfterProcessingInitializeOnLoad (6ms)
				EditorAssembliesLoaded (0ms)
			ExecutionOrderSort2 (0ms)
			AwakeInstancesAfterBackupRestoration (5ms)
Platform modules already initialized, skipping
========================================================================
Worker process is ready to serve import requests
Launched and connected shader compiler UnityShaderCompiler.exe after 0.03 seconds
Refreshing native plugins compatible for Editor in 0.79 ms, found 3 plugins.
Preloading 0 native plugins for Editor in 0.00 ms.
Unloading 5054 Unused Serialized files (Serialized files now loaded: 0)
Unloading 30 unused Assets / (347.6 KB). Loaded Objects now: 5513.
Memory consumption went from 0.78 GB to 0.78 GB.
Total: 3.407200 ms (FindLiveObjects: 0.426200 ms CreateObjectMapping: 0.467400 ms MarkObjects: 2.390700 ms  DeleteObjects: 0.122100 ms)

AssetImportParameters requested are different than current active one (requested -> active):
  custom:video-decoder-ogg-theora: a1e56fd34408186e4bbccfd4996cb3dc -> 
  custom:container-muxer-webm: aa71ff27fc2769a1b78a27578f13a17b -> 
  custom:container-demuxer-webm: 4f35f7cbe854078d1ac9338744f61a02 -> 
  custom:video-encoder-webm-vp8: eb34c28f22e8b96e1ab97ce403110664 -> 
  custom:audio-encoder-webm-vorbis: bf7c407c2cedff20999df2af8eb42d56 -> 
  custom:framework-win-MediaFoundation: 216162199b28c13a410421893ffa2e32 -> 
  custom:container-demuxer-ogg: 62fdf1f143b41e24485cea50d1cbac27 -> 
  custom:video-decoder-webm-vp8: 9c59270c3fd7afecdb556c50c9e8de78 -> 
  custom:audio-decoder-ogg-vorbis: bf7c407c2cedff20999df2af8eb42d56 -> 
========================================================================
Received Import Request.
  Time since last request: 1554.017927 seconds.
  path: Assets/Scenes/Materials/Floor_Lvl2.mat
  artifactKey: Guid(f59322bba2d926e46b432bab39089377) Importer(815301076,1909f56bfc062723c751e8b465ee728b)
Start importing Assets/Scenes/Materials/Floor_Lvl2.mat using Guid(f59322bba2d926e46b432bab39089377) Importer(815301076,1909f56bfc062723c751e8b465ee728b)  -> (artifact id: 'd0a61e296d14a1f2f5fd7c935b9debd4') in 0.241748 seconds 
========================================================================
Received Import Request.
  Time since last request: 969.458637 seconds.
  path: Assets/Scenes/Level_1/3D Models
  artifactKey: Guid(638ae8ae7359b5a43b5943e2cc22dc81) Importer(815301076,1909f56bfc062723c751e8b465ee728b)
Start importing Assets/Scenes/Level_1/3D Models using Guid(638ae8ae7359b5a43b5943e2cc22dc81) Importer(815301076,1909f56bfc062723c751e8b465ee728b)  -> (artifact id: 'fb0f62c14ab21da5e5e5510deffc0ece') in 0.005285 seconds 
========================================================================
Received Import Request.
  Time since last request: 1879.735207 seconds.
  path: Assets/Images/terreno1.jpg
  artifactKey: Guid(d6d7242cb4e633d45b80c075a7d32bba) Importer(815301076,1909f56bfc062723c751e8b465ee728b)
Start importing Assets/Images/terreno1.jpg using Guid(d6d7242cb4e633d45b80c075a7d32bba) Importer(815301076,1909f56bfc062723c751e8b465ee728b)  -> (artifact id: '2c8c08e083a013110cff12084e7b174c') in 0.026219 seconds 
========================================================================
Received Import Request.
  Time since last request: 19.585734 seconds.
  path: Assets/Scenes/Materials/Floor_Lvl1.mat
  artifactKey: Guid(f2686cc2085476048b223feb06c7ef4a) Importer(815301076,1909f56bfc062723c751e8b465ee728b)
Start importing Assets/Scenes/Materials/Floor_Lvl1.mat using Guid(f2686cc2085476048b223feb06c7ef4a) Importer(815301076,1909f56bfc062723c751e8b465ee728b)  -> (artifact id: 'd6ead90cd2816fe34ae1781178715266') in 0.023063 seconds 
========================================================================
Received Import Request.
  Time since last request: 167.113520 seconds.
  path: Assets/Images/terr2.jpg
  artifactKey: Guid(1cfd52e671ab8ab44a89fa11925b320c) Importer(815301076,1909f56bfc062723c751e8b465ee728b)
Start importing Assets/Images/terr2.jpg using Guid(1cfd52e671ab8ab44a89fa11925b320c) Importer(815301076,1909f56bfc062723c751e8b465ee728b)  -> (artifact id: 'a97f32e54dad304960729636a4f84845') in 0.028370 seconds 
========================================================================
Received Import Request.
  Time since last request: 91.987808 seconds.
  path: Assets/Images/terr3.jpg
  artifactKey: Guid(705ba5c43c4f88b47ba4e74d75b805cd) Importer(815301076,1909f56bfc062723c751e8b465ee728b)
Start importing Assets/Images/terr3.jpg using Guid(705ba5c43c4f88b47ba4e74d75b805cd) Importer(815301076,1909f56bfc062723c751e8b465ee728b)  -> (artifact id: 'e6b0df4109751d2d398bc03244a06893') in 0.023495 seconds 
========================================================================
Received Import Request.
  Time since last request: 213.391782 seconds.
  path: Assets/Scenes/Materials/Floor_Lvl1.mat
  artifactKey: Guid(f2686cc2085476048b223feb06c7ef4a) Importer(815301076,1909f56bfc062723c751e8b465ee728b)
Start importing Assets/Scenes/Materials/Floor_Lvl1.mat using Guid(f2686cc2085476048b223feb06c7ef4a) Importer(815301076,1909f56bfc062723c751e8b465ee728b)  -> (artifact id: '7c24e066a010bd50f70cc8aa5f329f01') in 0.022613 seconds 
========================================================================
Received Import Request.
  Time since last request: 87.738213 seconds.
  path: Assets/Scenes/Level_1/3D Models/taro.glb
  artifactKey: Guid(7195f42fad133df4384ef4a14638dc16) Importer(815301076,1909f56bfc062723c751e8b465ee728b)
Start importing Assets/Scenes/Level_1/3D Models/taro.glb using Guid(7195f42fad133df4384ef4a14638dc16) Importer(815301076,1909f56bfc062723c751e8b465ee728b)  -> (artifact id: '2a212b823f0866ff98ac8b1f4e358c89') in 0.013029 seconds 
========================================================================
Received Import Request.
  Time since last request: 1549.409428 seconds.
  path: Assets/Scenes/Level_1/3D Models/90bf415633c94626a27ca099054a13b9.fbx.fbx
  artifactKey: Guid(cbf141aaa9e2b16428ba16c8c712755f) Importer(815301076,1909f56bfc062723c751e8b465ee728b)
Start importing Assets/Scenes/Level_1/3D Models/90bf415633c94626a27ca099054a13b9.fbx.fbx using Guid(cbf141aaa9e2b16428ba16c8c712755f) Importer(815301076,1909f56bfc062723c751e8b465ee728b)  -> (artifact id: 'eefcbb6acc320f9767ed3c991b98c3b7') in 1.591708 seconds 
========================================================================
Received Import Request.
  Time since last request: 57.450957 seconds.
  path: Assets/Scenes/Level_1/3D Models/Totem_low.fbx
  artifactKey: Guid(1d64a7071a29cc441a9908ffbba03877) Importer(815301076,1909f56bfc062723c751e8b465ee728b)
Start importing Assets/Scenes/Level_1/3D Models/Totem_low.fbx using Guid(1d64a7071a29cc441a9908ffbba03877) Importer(815301076,1909f56bfc062723c751e8b465ee728b)  -> (artifact id: '14c691b117b2933ae908a0b7874f764a') in 0.046398 seconds 
========================================================================
Received Import Request.
  Time since last request: 3.987023 seconds.
  path: Assets/Scenes/Level_1/3D Models/A tall Jungle Tree 2.glb
  artifactKey: Guid(702cb13dad67fae41b4c750100882175) Importer(815301076,1909f56bfc062723c751e8b465ee728b)
Start importing Assets/Scenes/Level_1/3D Models/A tall Jungle Tree 2.glb using Guid(702cb13dad67fae41b4c750100882175) Importer(815301076,1909f56bfc062723c751e8b465ee728b)  -> (artifact id: '0f6985992212d676052879019b425a5b') in 0.005598 seconds 
========================================================================
Received Import Request.
  Time since last request: 269.248298 seconds.
  path: Assets/Scenes/Level_1/3D Models/taro.fbx
  artifactKey: Guid(9bf24cd950514404b98305a4e8f07e69) Importer(815301076,1909f56bfc062723c751e8b465ee728b)
Start importing Assets/Scenes/Level_1/3D Models/taro.fbx using Guid(9bf24cd950514404b98305a4e8f07e69) Importer(815301076,1909f56bfc062723c751e8b465ee728b)  -> (artifact id: '335b293183ca17d1df4e516b73b41719') in 0.039777 seconds 
========================================================================
Received Import Request.
  Time since last request: 6.043675 seconds.
  path: Assets/Scenes/Level_1/3D Models/cobwebs_asset_pack.fbx
  artifactKey: Guid(ac796b79e96ddfb43aba4d0e1cb35b84) Importer(815301076,1909f56bfc062723c751e8b465ee728b)
Start importing Assets/Scenes/Level_1/3D Models/cobwebs_asset_pack.fbx using Guid(ac796b79e96ddfb43aba4d0e1cb35b84) Importer(815301076,1909f56bfc062723c751e8b465ee728b)  -> (artifact id: '0e3f6b4cd742da552cb09a1948bacd09') in 0.054882 seconds 
========================================================================
Received Import Request.
  Time since last request: 166.429924 seconds.
  path: Assets/Scenes/Level_1/3D Models/A tall Jungle Tree 2.fbx
  artifactKey: Guid(05e188edf0dc65445a3422793b159243) Importer(815301076,1909f56bfc062723c751e8b465ee728b)
Start importing Assets/Scenes/Level_1/3D Models/A tall Jungle Tree 2.fbx using Guid(05e188edf0dc65445a3422793b159243) Importer(815301076,1909f56bfc062723c751e8b465ee728b)  -> (artifact id: '45f42a4c276b1d2a4178189ead0602ad') in 0.207144 seconds 
========================================================================
Received Import Request.
  Time since last request: 140.694099 seconds.
  path: Assets/Scenes/Materials/Totem.mat
  artifactKey: Guid(74a5efa7a4f621b4783fbca769b61eb0) Importer(815301076,1909f56bfc062723c751e8b465ee728b)
Start importing Assets/Scenes/Materials/Totem.mat using Guid(74a5efa7a4f621b4783fbca769b61eb0) Importer(815301076,1909f56bfc062723c751e8b465ee728b)  -> (artifact id: '8cdfa37e1a5af04744957819eac814cf') in 0.022086 seconds 
========================================================================
Received Import Request.
  Time since last request: 9.424712 seconds.
  path: Assets/Scenes/Materials/Piantina_Lvl1.mat
  artifactKey: Guid(11300d948a655b94c9de43ea3aa6f5b1) Importer(815301076,1909f56bfc062723c751e8b465ee728b)
Start importing Assets/Scenes/Materials/Piantina_Lvl1.mat using Guid(11300d948a655b94c9de43ea3aa6f5b1) Importer(815301076,1909f56bfc062723c751e8b465ee728b)  -> (artifact id: '93dc34703fecb720f106082c3d69939b') in 0.019001 seconds 
========================================================================
Received Import Request.
  Time since last request: 7.311115 seconds.
  path: Assets/Scenes/Materials/Pianta_Lvl1.mat
  artifactKey: Guid(8ac03ab2645319a48809fedcf9bec011) Importer(815301076,1909f56bfc062723c751e8b465ee728b)
Start importing Assets/Scenes/Materials/Pianta_Lvl1.mat using Guid(8ac03ab2645319a48809fedcf9bec011) Importer(815301076,1909f56bfc062723c751e8b465ee728b)  -> (artifact id: '41f6c35b3b11266b4fced5548e735d0d') in 0.019810 seconds 
========================================================================
Received Import Request.
  Time since last request: 59.188436 seconds.
  path: Assets/Images/Totem_low_Totem_BaseColor.png
  artifactKey: Guid(318cd9caeab1be8498cbf0b67702ac0f) Importer(815301076,1909f56bfc062723c751e8b465ee728b)
Start importing Assets/Images/Totem_low_Totem_BaseColor.png using Guid(318cd9caeab1be8498cbf0b67702ac0f) Importer(815301076,1909f56bfc062723c751e8b465ee728b)  -> (artifact id: '4dc3a41d7599011ab5319c784ea6e212') in 0.020566 seconds 
========================================================================
Received Import Request.
  Time since last request: 8.213763 seconds.
  path: Assets/Images/Totem_low_Totem_Roughness.png
  artifactKey: Guid(94fc02ffe28d5014a9f8b70f65db68c1) Importer(815301076,1909f56bfc062723c751e8b465ee728b)
Start importing Assets/Images/Totem_low_Totem_Roughness.png using Guid(94fc02ffe28d5014a9f8b70f65db68c1) Importer(815301076,1909f56bfc062723c751e8b465ee728b)  -> (artifact id: '1d1157b5b6f357f2f8875757842da9a0') in 0.013669 seconds 
========================================================================
Received Import Request.
  Time since last request: 63.566785 seconds.
  path: Assets/Scenes/Materials/Totem_Mixed_AO.png
  artifactKey: Guid(0db7dff6162cf5c44a903676d89d779c) Importer(815301076,1909f56bfc062723c751e8b465ee728b)
Start importing Assets/Scenes/Materials/Totem_Mixed_AO.png using Guid(0db7dff6162cf5c44a903676d89d779c) Importer(815301076,1909f56bfc062723c751e8b465ee728b)  -> (artifact id: '7f12bf7610fc298de4b75793fb4c8198') in 0.023454 seconds 
========================================================================
Received Import Request.
  Time since last request: 8.240485 seconds.
  path: Assets/Totem_low_Totem_Roughness.png
  artifactKey: Guid(ccd15d5cfd838ac4984bb9d657d5e6f2) Importer(815301076,1909f56bfc062723c751e8b465ee728b)
Start importing Assets/Totem_low_Totem_Roughness.png using Guid(ccd15d5cfd838ac4984bb9d657d5e6f2) Importer(815301076,1909f56bfc062723c751e8b465ee728b)  -> (artifact id: '9dbdb3436312afa6a0f4b48ccbce0842') in 0.026002 seconds 
========================================================================
Received Import Request.
  Time since last request: 8.433284 seconds.
  path: Assets/Images/Totem_low_Totem_Roughness - Copy.png
  artifactKey: Guid(ccd15d5cfd838ac4984bb9d657d5e6f2) Importer(815301076,1909f56bfc062723c751e8b465ee728b)
Start importing Assets/Images/Totem_low_Totem_Roughness - Copy.png using Guid(ccd15d5cfd838ac4984bb9d657d5e6f2) Importer(815301076,1909f56bfc062723c751e8b465ee728b)  -> (artifact id: '27bdbd83ca3770651fbb307c1a0a5db4') in 0.020287 seconds 
========================================================================
Received Import Request.
  Time since last request: 240.992848 seconds.
  path: Assets/Images/Bark.png
  artifactKey: Guid(225ef4f4afb21be4186f1a77a7bfe749) Importer(815301076,1909f56bfc062723c751e8b465ee728b)
Start importing Assets/Images/Bark.png using Guid(225ef4f4afb21be4186f1a77a7bfe749) Importer(815301076,1909f56bfc062723c751e8b465ee728b)  -> (artifact id: '8476c5f4080f3c0b7693c19b2500ce86') in 0.022400 seconds 
========================================================================
Received Import Request.
  Time since last request: 351.528008 seconds.
  path: Assets/Scenes/Materials/Piantina_Lvl1.mat
  artifactKey: Guid(11300d948a655b94c9de43ea3aa6f5b1) Importer(815301076,1909f56bfc062723c751e8b465ee728b)
Start importing Assets/Scenes/Materials/Piantina_Lvl1.mat using Guid(11300d948a655b94c9de43ea3aa6f5b1) Importer(815301076,1909f56bfc062723c751e8b465ee728b)  -> (artifact id: '41b5ac22993a6a7aa1b1469c51fc456c') in 0.015619 seconds 
========================================================================
Received Import Request.
  Time since last request: 1480.473611 seconds.
  path: Assets/grass_leafsLarge.fbx
  artifactKey: Guid(641f5dfc430fb144cac910e9ba4e9be1) Importer(815301076,1909f56bfc062723c751e8b465ee728b)
Start importing Assets/grass_leafsLarge.fbx using Guid(641f5dfc430fb144cac910e9ba4e9be1) Importer(815301076,1909f56bfc062723c751e8b465ee728b)  -> (artifact id: '9588548a942e3be55026ba5771771095') in 0.031450 seconds 
========================================================================
Received Import Request.
  Time since last request: 5.313524 seconds.
  path: Assets/grass.fbx
  artifactKey: Guid(371f5b74034a9b1458a11e1c966e9ba8) Importer(815301076,1909f56bfc062723c751e8b465ee728b)
Start importing Assets/grass.fbx using Guid(371f5b74034a9b1458a11e1c966e9ba8) Importer(815301076,1909f56bfc062723c751e8b465ee728b)  -> (artifact id: 'acec5476095ec2af4245be2889d86919') in 0.031870 seconds 
========================================================================
Received Import Request.
  Time since last request: 14.048652 seconds.
  path: Assets/mushroom_redGroup.fbx
  artifactKey: Guid(3ee6b004021dda54484ff29e499a1708) Importer(815301076,1909f56bfc062723c751e8b465ee728b)
Start importing Assets/mushroom_redGroup.fbx using Guid(3ee6b004021dda54484ff29e499a1708) Importer(815301076,1909f56bfc062723c751e8b465ee728b)  -> (artifact id: '1cdbf8128e1c1f8a6066e922c962f8f6') in 0.037083 seconds 
========================================================================
Received Import Request.
  Time since last request: 33.791405 seconds.
  path: Assets/tree_palmDetailedShort.fbx
  artifactKey: Guid(232cb2a26813004458e3489eedba85b6) Importer(815301076,1909f56bfc062723c751e8b465ee728b)
Start importing Assets/tree_palmDetailedShort.fbx using Guid(232cb2a26813004458e3489eedba85b6) Importer(815301076,1909f56bfc062723c751e8b465ee728b)  -> (artifact id: '75f8412ba19f24097738000e8e7184ad') in 0.055575 seconds 
========================================================================
Received Import Request.
  Time since last request: 45.641904 seconds.
  path: Assets/TreeStack.fbx
  artifactKey: Guid(9d7a41d04e2dbd24cb3350da158d6021) Importer(815301076,1909f56bfc062723c751e8b465ee728b)
Start importing Assets/TreeStack.fbx using Guid(9d7a41d04e2dbd24cb3350da158d6021) Importer(815301076,1909f56bfc062723c751e8b465ee728b)  -> (artifact id: '358354f742fd03d9db462aac313a05d6') in 0.029942 seconds 
========================================================================
Received Import Request.
  Time since last request: 19.249545 seconds.
  path: Assets/Colorsheet Tree Cold.png
  artifactKey: Guid(d01f5dfc7dc83994db7a4742b5dcdeca) Importer(815301076,1909f56bfc062723c751e8b465ee728b)
Start importing Assets/Colorsheet Tree Cold.png using Guid(d01f5dfc7dc83994db7a4742b5dcdeca) Importer(815301076,1909f56bfc062723c751e8b465ee728b)  -> (artifact id: '0773d352d6874ac6254b8ebe3813af23') in 0.017516 seconds 
========================================================================
Received Import Request.
  Time since last request: 127.052709 seconds.
  path: Assets/Scenes/Materials/PiantineStrane_lvl1.mat
  artifactKey: Guid(3d6dad38cd5ae844eaef3b729c27e696) Importer(815301076,1909f56bfc062723c751e8b465ee728b)
Start importing Assets/Scenes/Materials/PiantineStrane_lvl1.mat using Guid(3d6dad38cd5ae844eaef3b729c27e696) Importer(815301076,1909f56bfc062723c751e8b465ee728b)  -> (artifact id: '85a26139503f761e95ef24ec06915e1f') in 0.021752 seconds 
========================================================================
Received Import Request.
  Time since last request: 274.648813 seconds.
  path: Assets/Scenes/Materials/Mushrom.mat
  artifactKey: Guid(dfba0bf1412713a419a72211a398a9db) Importer(815301076,1909f56bfc062723c751e8b465ee728b)
Start importing Assets/Scenes/Materials/Mushrom.mat using Guid(dfba0bf1412713a419a72211a398a9db) Importer(815301076,1909f56bfc062723c751e8b465ee728b)  -> (artifact id: 'fb21166750ad8334bf0c36e540f4ef40') in 0.021512 seconds 
========================================================================
Received Import Request.
  Time since last request: 277.148652 seconds.
  path: Assets/Scenes/Materials/Mushrom.mat
  artifactKey: Guid(dfba0bf1412713a419a72211a398a9db) Importer(815301076,1909f56bfc062723c751e8b465ee728b)
Start importing Assets/Scenes/Materials/Mushrom.mat using Guid(dfba0bf1412713a419a72211a398a9db) Importer(815301076,1909f56bfc062723c751e8b465ee728b)  -> (artifact id: 'e37649161f66a9b98dabf75827293365') in 0.013405 seconds 
========================================================================
Received Import Request.
  Time since last request: 21.844205 seconds.
  path: Assets/Scenes/Bonuses
  artifactKey: Guid(9d846619674446947ae5d48b346bf6dc) Importer(815301076,1909f56bfc062723c751e8b465ee728b)
Start importing Assets/Scenes/Bonuses using Guid(9d846619674446947ae5d48b346bf6dc) Importer(815301076,1909f56bfc062723c751e8b465ee728b)  -> (artifact id: 'af812a93155f36baf68ad5958003e364') in 0.004739 seconds 
