Using pre-set license
Built from '2022.1/staging' branch; Version is '2022.1.1f1 (53d13f540f71) revision 5493055'; Using compiler version '192829333'; Build Type 'Release'
OS: 'Windows 10  (10.0.19044) 64bit Enterprise' Language: 'it' Physical Memory: 32542 MB
BatchMode: 1, IsHumanControllingUs: 0, StartBugReporterOnCrash: 0, Is64bit: 1, IsPro: 1

COMMAND LINE ARGUMENTS:
C:\Program Files\Unity 2022.1.1f1\Editor\Unity.exe
-adb2
-batchMode
-noUpm
-name
AssetImportWorker2
-projectPath
D:/3/Professionale/Progettti/M306/BiomesRun/5_Sito o applicativo/BiomesRun
-logFile
Logs/AssetImportWorker2.log
-srvPort
51577
Successfully changed project path to: D:/3/Professionale/Progettti/M306/BiomesRun/5_Sito o applicativo/BiomesRun
D:/3/Professionale/Progettti/M306/BiomesRun/5_Sito o applicativo/BiomesRun
[UnityMemory] Configuration Parameters - Can be set up in boot.config
    "memorysetup-bucket-allocator-granularity=16"
    "memorysetup-bucket-allocator-bucket-count=8"
    "memorysetup-bucket-allocator-block-size=33554432"
    "memorysetup-bucket-allocator-block-count=8"
    "memorysetup-main-allocator-block-size=16777216"
    "memorysetup-thread-allocator-block-size=16777216"
    "memorysetup-gfx-main-allocator-block-size=16777216"
    "memorysetup-gfx-thread-allocator-block-size=16777216"
    "memorysetup-cache-allocator-block-size=4194304"
    "memorysetup-typetree-allocator-block-size=2097152"
    "memorysetup-profiler-bucket-allocator-granularity=16"
    "memorysetup-profiler-bucket-allocator-bucket-count=8"
    "memorysetup-profiler-bucket-allocator-block-size=33554432"
    "memorysetup-profiler-bucket-allocator-block-count=8"
    "memorysetup-profiler-allocator-block-size=16777216"
    "memorysetup-profiler-editor-allocator-block-size=1048576"
    "memorysetup-temp-allocator-size-main=16777216"
    "memorysetup-job-temp-allocator-block-size=2097152"
    "memorysetup-job-temp-allocator-block-size-background=1048576"
    "memorysetup-job-temp-allocator-reduction-small-platforms=262144"
    "memorysetup-temp-allocator-size-background-worker=32768"
    "memorysetup-temp-allocator-size-job-worker=262144"
    "memorysetup-temp-allocator-size-preload-manager=33554432"
    "memorysetup-temp-allocator-size-nav-mesh-worker=65536"
    "memorysetup-temp-allocator-size-audio-worker=65536"
    "memorysetup-temp-allocator-size-cloud-worker=32768"
    "memorysetup-temp-allocator-size-gi-baking-worker=262144"
    "memorysetup-temp-allocator-size-gfx=262144"
Refreshing native plugins compatible for Editor in 95.15 ms, found 3 plugins.
Preloading 0 native plugins for Editor in 0.00 ms.
Initialize engine version: 2022.1.1f1 (53d13f540f71)
[Subsystems] Discovering subsystems at path C:/Program Files/Unity 2022.1.1f1/Editor/Data/Resources/UnitySubsystems
[Subsystems] Discovering subsystems at path D:/3/Professionale/Progettti/M306/BiomesRun/5_Sito o applicativo/BiomesRun/Assets
GfxDevice: creating device client; threaded=0; jobified=0
Direct3D:
    Version:  Direct3D 11.0 [level 11.1]
    Renderer: NVIDIA GeForce RTX 2060 (ID=0x1f08)
    Vendor:   NVIDIA
    VRAM:     5980 MB
    Driver:   30.0.15.1296
Initialize mono
Mono path[0] = 'C:/Program Files/Unity 2022.1.1f1/Editor/Data/Managed'
Mono path[1] = 'C:/Program Files/Unity 2022.1.1f1/Editor/Data/MonoBleedingEdge/lib/mono/unityjit-win32'
Mono config path = 'C:/Program Files/Unity 2022.1.1f1/Editor/Data/MonoBleedingEdge/etc'
Using monoOptions --debugger-agent=transport=dt_socket,embedding=1,server=y,suspend=n,address=127.0.0.1:56744
Begin MonoManager ReloadAssembly
Registering precompiled unity dll's ...
Register platform support module: C:/Program Files/Unity 2022.1.1f1/Editor/Data/PlaybackEngines/WindowsStandaloneSupport/UnityEditor.WindowsStandalone.Extensions.dll
Registered in 0.003980 seconds.
Native extension for WindowsStandalone target not found
Refreshing native plugins compatible for Editor in 89.77 ms, found 3 plugins.
Preloading 0 native plugins for Editor in 0.00 ms.
Mono: successfully reloaded assembly
- Completed reload, in  0.796 seconds
Domain Reload Profiling:
	ReloadAssembly (796ms)
		BeginReloadAssembly (64ms)
			ExecutionOrderSort (0ms)
			DisableScriptedObjects (0ms)
			BackupInstance (0ms)
			ReleaseScriptingObjects (0ms)
			CreateAndSetChildDomain (1ms)
		EndReloadAssembly (544ms)
			LoadAssemblies (62ms)
			RebuildTransferFunctionScriptingTraits (0ms)
			SetupTypeCache (219ms)
				TypeCache.Initialize (218ms)
					TypeCache.ScanAssembly (217ms)
				ResolveRequiredComponents (0ms)
			ReleaseScriptCaches (0ms)
			RebuildScriptCaches (24ms)
			SetupLoadedEditorAssemblies (255ms)
				LogAssemblyErrors (0ms)
				InitializePlatformSupportModulesInManaged (6ms)
				SetLoadedEditorAssemblies (6ms)
				RefreshPlugins (90ms)
				BeforeProcessingInitializeOnLoad (1ms)
				ProcessInitializeOnLoadAttributes (111ms)
				ProcessInitializeOnLoadMethodAttributes (41ms)
				AfterProcessingInitializeOnLoad (0ms)
				EditorAssembliesLoaded (0ms)
			ExecutionOrderSort2 (0ms)
			AwakeInstancesAfterBackupRestoration (0ms)
Platform modules already initialized, skipping
Registering precompiled user dll's ...
Registered in 0.005347 seconds.
Begin MonoManager ReloadAssembly
Symbol file LoadedFromMemory doesn't match image D:\3\Professionale\Progettti\M306\BiomesRun\5_Sito o applicativo\BiomesRun\Library\PackageCache\com.unity.visualscripting@1.7.6\Editor\VisualScripting.Core\Dependencies\YamlDotNet\Unity.VisualScripting.YamlDotNet.dll
Symbol file LoadedFromMemory doesn't match image D:\3\Professionale\Progettti\M306\BiomesRun\5_Sito o applicativo\BiomesRun\Library\PackageCache\com.unity.visualscripting@1.7.6\Editor\VisualScripting.Core\Dependencies\DotNetZip\Unity.VisualScripting.IonicZip.dll
Native extension for WindowsStandalone target not found
Refreshing native plugins compatible for Editor in 94.44 ms, found 3 plugins.
Preloading 0 native plugins for Editor in 0.00 ms.
Mono: successfully reloaded assembly
- Completed reload, in  1.179 seconds
Domain Reload Profiling:
	ReloadAssembly (1180ms)
		BeginReloadAssembly (101ms)
			ExecutionOrderSort (0ms)
			DisableScriptedObjects (5ms)
			BackupInstance (0ms)
			ReleaseScriptingObjects (0ms)
			CreateAndSetChildDomain (18ms)
		EndReloadAssembly (975ms)
			LoadAssemblies (67ms)
			RebuildTransferFunctionScriptingTraits (0ms)
			SetupTypeCache (253ms)
				TypeCache.Initialize (243ms)
					TypeCache.ScanAssembly (239ms)
				ResolveRequiredComponents (10ms)
			ReleaseScriptCaches (1ms)
			RebuildScriptCaches (52ms)
			SetupLoadedEditorAssemblies (559ms)
				LogAssemblyErrors (0ms)
				InitializePlatformSupportModulesInManaged (3ms)
				SetLoadedEditorAssemblies (5ms)
				RefreshPlugins (95ms)
				BeforeProcessingInitializeOnLoad (94ms)
				ProcessInitializeOnLoadAttributes (283ms)
				ProcessInitializeOnLoadMethodAttributes (72ms)
				AfterProcessingInitializeOnLoad (6ms)
				EditorAssembliesLoaded (0ms)
			ExecutionOrderSort2 (0ms)
			AwakeInstancesAfterBackupRestoration (5ms)
Platform modules already initialized, skipping
========================================================================
Worker process is ready to serve import requests
Launched and connected shader compiler UnityShaderCompiler.exe after 0.03 seconds
Refreshing native plugins compatible for Editor in 0.73 ms, found 3 plugins.
Preloading 0 native plugins for Editor in 0.00 ms.
Unloading 5054 Unused Serialized files (Serialized files now loaded: 0)
Unloading 30 unused Assets / (347.6 KB). Loaded Objects now: 5513.
Memory consumption went from 0.78 GB to 0.78 GB.
Total: 3.737700 ms (FindLiveObjects: 0.390100 ms CreateObjectMapping: 0.374400 ms MarkObjects: 2.843600 ms  DeleteObjects: 0.128600 ms)

AssetImportParameters requested are different than current active one (requested -> active):
  custom:video-decoder-ogg-theora: a1e56fd34408186e4bbccfd4996cb3dc -> 
  custom:container-muxer-webm: aa71ff27fc2769a1b78a27578f13a17b -> 
  custom:container-demuxer-webm: 4f35f7cbe854078d1ac9338744f61a02 -> 
  custom:video-encoder-webm-vp8: eb34c28f22e8b96e1ab97ce403110664 -> 
  custom:audio-encoder-webm-vorbis: bf7c407c2cedff20999df2af8eb42d56 -> 
  custom:framework-win-MediaFoundation: 216162199b28c13a410421893ffa2e32 -> 
  custom:container-demuxer-ogg: 62fdf1f143b41e24485cea50d1cbac27 -> 
  custom:video-decoder-webm-vp8: 9c59270c3fd7afecdb556c50c9e8de78 -> 
  custom:audio-decoder-ogg-vorbis: bf7c407c2cedff20999df2af8eb42d56 -> 
========================================================================
Received Import Request.
  Time since last request: 19513.831577 seconds.
  path: Assets/Scripts/Movement.cs
  artifactKey: Guid(00e42e61c7c188648a7513246daa72d4) Importer(815301076,1909f56bfc062723c751e8b465ee728b)
Start importing Assets/Scripts/Movement.cs using Guid(00e42e61c7c188648a7513246daa72d4) Importer(815301076,1909f56bfc062723c751e8b465ee728b)  -> (artifact id: '7efaa276607f3a9b9f58a58e11b323c9') in 0.025021 seconds 
========================================================================
Received Import Request.
  Time since last request: 99.228109 seconds.
  path: Assets/Scenes/Materials/Secret_Doors.mat
  artifactKey: Guid(baf44dcc08e25574fb93a02a2427b926) Importer(815301076,1909f56bfc062723c751e8b465ee728b)
Start importing Assets/Scenes/Materials/Secret_Doors.mat using Guid(baf44dcc08e25574fb93a02a2427b926) Importer(815301076,1909f56bfc062723c751e8b465ee728b)  -> (artifact id: '4d7d6eee8ea6df6db6738f223a1df0b7') in 0.235947 seconds 
========================================================================
Received Import Request.
  Time since last request: 174.730422 seconds.
  path: Assets/Scenes/Materials/Floor_Lvl2.mat
  artifactKey: Guid(f59322bba2d926e46b432bab39089377) Importer(815301076,1909f56bfc062723c751e8b465ee728b)
Start importing Assets/Scenes/Materials/Floor_Lvl2.mat using Guid(f59322bba2d926e46b432bab39089377) Importer(815301076,1909f56bfc062723c751e8b465ee728b)  -> (artifact id: '7dc0afaac761f6dbe27c5fe7eaa19758') in 0.022124 seconds 
========================================================================
Received Import Request.
  Time since last request: 33.800828 seconds.
  path: Assets/Images/5342725359_ccb47d0217_b.jpg
  artifactKey: Guid(d35d9ff197fd1d949a28f71a64c6ce24) Importer(815301076,1909f56bfc062723c751e8b465ee728b)
Start importing Assets/Images/5342725359_ccb47d0217_b.jpg using Guid(d35d9ff197fd1d949a28f71a64c6ce24) Importer(815301076,1909f56bfc062723c751e8b465ee728b)  -> (artifact id: 'eb618b25bbc06ab8c295c770b4d0d77f') in 0.023567 seconds 
========================================================================
Received Import Request.
  Time since last request: 72.753803 seconds.
  path: Assets/Images/360_F_97507969_mi3ppQ3PyFgxsmIh18wv8PgIHRKz0sHc.jpg
  artifactKey: Guid(62d577b0a133c974092e9b68734683b3) Importer(815301076,1909f56bfc062723c751e8b465ee728b)
Start importing Assets/Images/360_F_97507969_mi3ppQ3PyFgxsmIh18wv8PgIHRKz0sHc.jpg using Guid(62d577b0a133c974092e9b68734683b3) Importer(815301076,1909f56bfc062723c751e8b465ee728b)  -> (artifact id: 'dcd6dde3baf911b16ec4000ee6762038') in 0.012458 seconds 
========================================================================
Received Import Request.
  Time since last request: 270.973304 seconds.
  path: Assets/Scenes/Level_2/Polar_Lvl2/wreath.fbx
  artifactKey: Guid(6d8d0a59223ce35408bc9058a77c6d18) Importer(815301076,1909f56bfc062723c751e8b465ee728b)
Start importing Assets/Scenes/Level_2/Polar_Lvl2/wreath.fbx using Guid(6d8d0a59223ce35408bc9058a77c6d18) Importer(815301076,1909f56bfc062723c751e8b465ee728b)  -> (artifact id: 'c91acb4c197324bc8a44247305daa5cf') in 0.090275 seconds 
========================================================================
Received Import Request.
  Time since last request: 6.662405 seconds.
  path: Assets/Scenes/Level_2/Polar_Lvl2/treePineSnowRound.fbx
  artifactKey: Guid(d17e6dba0c9522a40b7eba1c07417f7c) Importer(815301076,1909f56bfc062723c751e8b465ee728b)
Start importing Assets/Scenes/Level_2/Polar_Lvl2/treePineSnowRound.fbx using Guid(d17e6dba0c9522a40b7eba1c07417f7c) Importer(815301076,1909f56bfc062723c751e8b465ee728b)  -> (artifact id: 'f7cecf161b8eaddf77b0010d18d17b92') in 0.033146 seconds 
========================================================================
Received Import Request.
  Time since last request: 5.871095 seconds.
  path: Assets/Scenes/Level_2/Polar_Lvl2/treePineSnowed.fbx
  artifactKey: Guid(d000e3911a0dd964aae2beec305e668a) Importer(815301076,1909f56bfc062723c751e8b465ee728b)
Start importing Assets/Scenes/Level_2/Polar_Lvl2/treePineSnowed.fbx using Guid(d000e3911a0dd964aae2beec305e668a) Importer(815301076,1909f56bfc062723c751e8b465ee728b)  -> (artifact id: '41d7e5278494a87cf73e9a75be6e80cd') in 0.027816 seconds 
========================================================================
Received Import Request.
  Time since last request: 11.943311 seconds.
  path: Assets/Scenes/Level_2/Polar_Lvl2/treeDecorated.fbx
  artifactKey: Guid(245de6de81bb33e4085bf720575dfc9a) Importer(815301076,1909f56bfc062723c751e8b465ee728b)
Start importing Assets/Scenes/Level_2/Polar_Lvl2/treeDecorated.fbx using Guid(245de6de81bb33e4085bf720575dfc9a) Importer(815301076,1909f56bfc062723c751e8b465ee728b)  -> (artifact id: 'be7078fb2106f0d4dbd8ab3f34e21575') in 0.049160 seconds 
========================================================================
Received Import Request.
  Time since last request: 16.018857 seconds.
  path: Assets/Scenes/Level_2/Polar_Lvl2/snowPatch.fbx
  artifactKey: Guid(bd800fde5eb690941be43a27b53e1a94) Importer(815301076,1909f56bfc062723c751e8b465ee728b)
Start importing Assets/Scenes/Level_2/Polar_Lvl2/snowPatch.fbx using Guid(bd800fde5eb690941be43a27b53e1a94) Importer(815301076,1909f56bfc062723c751e8b465ee728b)  -> (artifact id: '9a38b53503b51c630e78ddd983c7d138') in 0.022262 seconds 
========================================================================
Received Import Request.
  Time since last request: 6.991612 seconds.
  path: Assets/Scenes/Level_2/Polar_Lvl2/snowmanFancy.fbx
  artifactKey: Guid(ce8e86235c974d4448ef31abc6f64040) Importer(815301076,1909f56bfc062723c751e8b465ee728b)
Start importing Assets/Scenes/Level_2/Polar_Lvl2/snowmanFancy.fbx using Guid(ce8e86235c974d4448ef31abc6f64040) Importer(815301076,1909f56bfc062723c751e8b465ee728b)  -> (artifact id: 'fbd3cef2b1ffda3d52e4c37ea2056cad') in 0.043761 seconds 
========================================================================
Received Import Request.
  Time since last request: 9.276313 seconds.
  path: Assets/Scenes/Level_2/Polar_Lvl2/snowFort.fbx
  artifactKey: Guid(db6002f80c50d6848a5813f46a446e2a) Importer(815301076,1909f56bfc062723c751e8b465ee728b)
Start importing Assets/Scenes/Level_2/Polar_Lvl2/snowFort.fbx using Guid(db6002f80c50d6848a5813f46a446e2a) Importer(815301076,1909f56bfc062723c751e8b465ee728b)  -> (artifact id: '945ffde39f6d9c5aeac42b6599ca8517') in 0.030943 seconds 
========================================================================
Received Import Request.
  Time since last request: 8.892268 seconds.
  path: Assets/Scenes/Level_2/Polar_Lvl2/sled.fbx
  artifactKey: Guid(7c2fed29861297945b66b4d6fc33fc22) Importer(815301076,1909f56bfc062723c751e8b465ee728b)
Start importing Assets/Scenes/Level_2/Polar_Lvl2/sled.fbx using Guid(7c2fed29861297945b66b4d6fc33fc22) Importer(815301076,1909f56bfc062723c751e8b465ee728b)  -> (artifact id: '48a878013a8a65b9dda921aa06d62987') in 0.023461 seconds 
========================================================================
Received Import Request.
  Time since last request: 8.070924 seconds.
  path: Assets/Scenes/Level_2/Polar_Lvl2/rockFormationSmall.fbx
  artifactKey: Guid(a7225d6ad5764b4459cfb258bd976914) Importer(815301076,1909f56bfc062723c751e8b465ee728b)
Start importing Assets/Scenes/Level_2/Polar_Lvl2/rockFormationSmall.fbx using Guid(a7225d6ad5764b4459cfb258bd976914) Importer(815301076,1909f56bfc062723c751e8b465ee728b)  -> (artifact id: '59050e1096fadd825dc3f71553d017dd') in 0.029335 seconds 
========================================================================
Received Import Request.
  Time since last request: 12.217288 seconds.
  path: Assets/Scenes/Level_2/Polar_Lvl2/presentGreenRound.fbx
  artifactKey: Guid(5d9203805b5fa5d4493aae219aac404a) Importer(815301076,1909f56bfc062723c751e8b465ee728b)
Start importing Assets/Scenes/Level_2/Polar_Lvl2/presentGreenRound.fbx using Guid(5d9203805b5fa5d4493aae219aac404a) Importer(815301076,1909f56bfc062723c751e8b465ee728b)  -> (artifact id: '13b9f6c51ee0e82c04c26c6ec4400c03') in 0.039950 seconds 
========================================================================
Received Import Request.
  Time since last request: 9.506543 seconds.
  path: Assets/Scenes/Level_2/Polar_Lvl2/lightsRed.fbx
  artifactKey: Guid(64f0af48869373340aa523b0bf75bbef) Importer(815301076,1909f56bfc062723c751e8b465ee728b)
Start importing Assets/Scenes/Level_2/Polar_Lvl2/lightsRed.fbx using Guid(64f0af48869373340aa523b0bf75bbef) Importer(815301076,1909f56bfc062723c751e8b465ee728b)  -> (artifact id: 'f5ffb812bb2d8187bef2713f331dc101') in 0.031319 seconds 
========================================================================
Received Import Request.
  Time since last request: 8.721170 seconds.
  path: Assets/Scenes/Level_2/Polar_Lvl2/lightpostHanging.fbx
  artifactKey: Guid(720f2b4f953dde34f8062dca2c639163) Importer(815301076,1909f56bfc062723c751e8b465ee728b)
Start importing Assets/Scenes/Level_2/Polar_Lvl2/lightpostHanging.fbx using Guid(720f2b4f953dde34f8062dca2c639163) Importer(815301076,1909f56bfc062723c751e8b465ee728b)  -> (artifact id: '988baea722ea145e07ccffe65f850bd8') in 0.028977 seconds 
========================================================================
Received Import Request.
  Time since last request: 25.857355 seconds.
  path: Assets/Scenes/Level_2/Polar_Lvl2/candyCane.fbx
  artifactKey: Guid(4468021eb058d8c4182393ed49cc4da4) Importer(815301076,1909f56bfc062723c751e8b465ee728b)
Start importing Assets/Scenes/Level_2/Polar_Lvl2/candyCane.fbx using Guid(4468021eb058d8c4182393ed49cc4da4) Importer(815301076,1909f56bfc062723c751e8b465ee728b)  -> (artifact id: '5cbce372792f47fd291102c7472317ce') in 0.027318 seconds 
========================================================================
Received Import Request.
  Time since last request: 933.039918 seconds.
  path: Assets/Scenes/Level_2/Polar_Lvl2/presentLow.fbx
  artifactKey: Guid(386d20ae9d4416649ad7e03d0cced79b) Importer(815301076,1909f56bfc062723c751e8b465ee728b)
Start importing Assets/Scenes/Level_2/Polar_Lvl2/presentLow.fbx using Guid(386d20ae9d4416649ad7e03d0cced79b) Importer(815301076,1909f56bfc062723c751e8b465ee728b)  -> (artifact id: '68b8b457d9725544eed6e09a8df9c955') in 0.078425 seconds 
========================================================================
Received Import Request.
  Time since last request: 1969.960461 seconds.
  path: Assets/Scenes/Level_2/3D Models
  artifactKey: Guid(e1acccbaeec5ee14092e7d5ef556530c) Importer(815301076,1909f56bfc062723c751e8b465ee728b)
Start importing Assets/Scenes/Level_2/3D Models using Guid(e1acccbaeec5ee14092e7d5ef556530c) Importer(815301076,1909f56bfc062723c751e8b465ee728b)  -> (artifact id: '81220b5ff4b0edcfc649c85aee89e812') in 0.005722 seconds 
